[2025-04-11 21:49:19] - WARNING - Not enough permission to place log file at /var/log/archinstall/install.log, creating it in /home/ashlyn/alci-iso-zen/installation-scripts/install.log instead
[2025-04-11 21:49:19] - DEBUG - Hardware model detected: Gigabyte Technology Co., Ltd. X870E AORUS ELITE WIFI7; UEFI mode: True
[2025-04-11 21:49:19] - DEBUG - Processor model detected: AMD Ryzen 9 9950X 16-Core Processor
[2025-04-11 21:49:19] - DEBUG - Memory statistics: 188693828 available out of 195257168 total installed
[2025-04-11 21:49:19] - DEBUG - Could not detect virtual system: ['/usr/bin/systemd-detect-virt'] exited with abnormal exit code [1]: none

[2025-04-11 21:49:19] - DEBUG - System is not running in a VM: ['/usr/bin/systemd-detect-virt'] exited with abnormal exit code [1]: none

[2025-04-11 21:49:19] - DEBUG - Virtualization detected: None; is VM: False
[2025-04-11 21:49:20] - DEBUG - Graphics devices detected: dict_keys(['Intel Corporation DG2 [Arc A770] (rev 08)', 'Advanced Micro Devices, Inc. [AMD/ATI] Ellesmere [Radeon RX 470/480/570/570X/580/580X/590] (rev e7)', 'Advanced Micro Devices, Inc. [AMD/ATI] Granite Ridge [Radeon Graphics] (rev c1)'])
[2025-04-11 21:49:20] - DEBUG - Disk states before installing:
{
    "blockdevices": [
        {
            "name": "sda",
            "path": "/dev/sda",
            "pkname": null,
            "log_sec": 512,
            "size": "0 MiB",
            "pttype": null,
            "ptuuid": null,
            "rota": true,
            "tran": "usb",
            "partn": null,
            "partuuid": null,
            "parttype": null,
            "uuid": null,
            "fstype": null,
            "fsver": null,
            "fsavail": null,
            "fsuse_percentage": null,
            "type": "disk",
            "mountpoint": null,
            "mountpoints": [],
            "fsroots": [],
            "children": []
        },
        {
            "name": "sdb",
            "path": "/dev/sdb",
            "pkname": null,
            "log_sec": 512,
            "size": "59153 MiB",
            "pttype": "dos",
            "ptuuid": "a97140c0",
            "rota": true,
            "tran": "usb",
            "partn": null,
            "partuuid": null,
            "parttype": null,
            "uuid": "2025-04-11-03-07-12-00",
            "fstype": "iso9660",
            "fsver": "Joliet Extension",
            "fsavail": null,
            "fsuse_percentage": null,
            "type": "disk",
            "mountpoint": null,
            "mountpoints": [],
            "fsroots": [],
            "children": [
                {
                    "name": "sdb1",
                    "path": "/dev/sdb1",
                    "pkname": "sdb",
                    "log_sec": 512,
                    "size": "7160 MiB",
                    "pttype": "dos",
                    "ptuuid": "a97140c0",
                    "rota": true,
                    "tran": null,
                    "partn": 1,
                    "partuuid": "a97140c0-01",
                    "parttype": "0x0",
                    "uuid": "2025-04-11-03-07-12-00",
                    "fstype": "iso9660",
                    "fsver": "Joliet Extension",
                    "fsavail": null,
                    "fsuse_percentage": null,
                    "type": "part",
                    "mountpoint": null,
                    "mountpoints": [],
                    "fsroots": [],
                    "children": []
                },
                {
                    "name": "sdb2",
                    "path": "/dev/sdb2",
                    "pkname": "sdb",
                    "log_sec": 512,
                    "size": "790 MiB",
                    "pttype": "dos",
                    "ptuuid": "a97140c0",
                    "rota": true,
                    "tran": null,
                    "partn": 2,
                    "partuuid": "a97140c0-02",
                    "parttype": "0xef",
                    "uuid": "67F8-8760",
                    "fstype": "vfat",
                    "fsver": "FAT32",
                    "fsavail": null,
                    "fsuse_percentage": null,
                    "type": "part",
                    "mountpoint": null,
                    "mountpoints": [],
                    "fsroots": [],
                    "children": []
                }
            ]
        },
        {
            "name": "sr0",
            "path": "/dev/sr0",
            "pkname": null,
            "log_sec": 512,
            "size": "1023 MiB",
            "pttype": null,
            "ptuuid": null,
            "rota": false,
            "tran": "usb",
            "partn": null,
            "partuuid": null,
            "parttype": null,
            "uuid": null,
            "fstype": null,
            "fsver": null,
            "fsavail": null,
            "fsuse_percentage": null,
            "type": "rom",
            "mountpoint": null,
            "mountpoints": [],
            "fsroots": [],
            "children": []
        },
        {
            "name": "nvme0n1",
            "path": "/dev/nvme0n1",
            "pkname": null,
            "log_sec": 512,
            "size": "953869 MiB",
            "pttype": "gpt",
            "ptuuid": "c8fb178e-e130-48d3-80f9-9d9a01a49f20",
            "rota": false,
            "tran": "nvme",
            "partn": null,
            "partuuid": null,
            "parttype": null,
            "uuid": null,
            "fstype": null,
            "fsver": null,
            "fsavail": null,
            "fsuse_percentage": null,
            "type": "disk",
            "mountpoint": null,
            "mountpoints": [],
            "fsroots": [],
            "children": [
                {
                    "name": "nvme0n1p1",
                    "path": "/dev/nvme0n1p1",
                    "pkname": "nvme0n1",
                    "log_sec": 512,
                    "size": "1024 MiB",
                    "pttype": "gpt",
                    "ptuuid": "c8fb178e-e130-48d3-80f9-9d9a01a49f20",
                    "rota": false,
                    "tran": "nvme",
                    "partn": 1,
                    "partuuid": "3717da09-1675-48dc-8c80-532e92abee30",
                    "parttype": "c12a7328-f81f-11d2-ba4b-00a0c93ec93b",
                    "uuid": "B36D-F7E0",
                    "fstype": "vfat",
                    "fsver": "FAT32",
                    "fsavail": null,
                    "fsuse_percentage": null,
                    "type": "part",
                    "mountpoint": null,
                    "mountpoints": [],
                    "fsroots": [],
                    "children": []
                },
                {
                    "name": "nvme0n1p2",
                    "path": "/dev/nvme0n1p2",
                    "pkname": "nvme0n1",
                    "log_sec": 512,
                    "size": "952844 MiB",
                    "pttype": "gpt",
                    "ptuuid": "c8fb178e-e130-48d3-80f9-9d9a01a49f20",
                    "rota": false,
                    "tran": "nvme",
                    "partn": 2,
                    "partuuid": "4ed9c921-dcac-4f3e-9708-6dbf4c90373a",
                    "parttype": "4f68bce3-e8cd-4db1-96e7-fbcaf984b709",
                    "uuid": "a1c926b5-8a9c-48bf-9b16-6c21285e936c",
                    "fstype": "btrfs",
                    "fsver": null,
                    "fsavail": null,
                    "fsuse_percentage": null,
                    "type": "part",
                    "mountpoint": null,
                    "mountpoints": [],
                    "fsroots": [],
                    "children": []
                }
            ]
        },
        {
            "name": "nvme1n1",
            "path": "/dev/nvme1n1",
            "pkname": null,
            "log_sec": 512,
            "size": "976762 MiB",
            "pttype": "gpt",
            "ptuuid": "e3260726-fe98-4748-bdc1-e18d12c2d0cc",
            "rota": false,
            "tran": "nvme",
            "partn": null,
            "partuuid": null,
            "parttype": null,
            "uuid": null,
            "fstype": null,
            "fsver": null,
            "fsavail": null,
            "fsuse_percentage": null,
            "type": "disk",
            "mountpoint": null,
            "mountpoints": [],
            "fsroots": [],
            "children": [
                {
                    "name": "nvme1n1p1",
                    "path": "/dev/nvme1n1p1",
                    "pkname": "nvme1n1",
                    "log_sec": 512,
                    "size": "1024 MiB",
                    "pttype": "gpt",
                    "ptuuid": "e3260726-fe98-4748-bdc1-e18d12c2d0cc",
                    "rota": false,
                    "tran": "nvme",
                    "partn": 1,
                    "partuuid": "34cf4c8e-2799-457f-aaa4-6988efe833ce",
                    "parttype": "c12a7328-f81f-11d2-ba4b-00a0c93ec93b",
                    "uuid": "A0FB-6D25",
                    "fstype": "vfat",
                    "fsver": "FAT32",
                    "fsavail": 860532736,
                    "fsuse_percentage": "20%",
                    "type": "part",
                    "mountpoint": "/boot/efi",
                    "mountpoints": [
                        "/boot/efi"
                    ],
                    "fsroots": [
                        "/"
                    ],
                    "children": []
                },
                {
                    "name": "nvme1n1p2",
                    "path": "/dev/nvme1n1p2",
                    "pkname": "nvme1n1",
                    "log_sec": 512,
                    "size": "175736 MiB",
                    "pttype": "gpt",
                    "ptuuid": "e3260726-fe98-4748-bdc1-e18d12c2d0cc",
                    "rota": false,
                    "tran": "nvme",
                    "partn": 2,
                    "partuuid": "a6a92ea8-4c64-4cf2-a73d-34737f7aa592",
                    "parttype": "0fc63daf-8483-4772-8e79-3d69d8477de4",
                    "uuid": "adefd386-2e0b-48c8-aa73-82b44ca66ac4",
                    "fstype": "ext4",
                    "fsver": "1.0",
                    "fsavail": 145353682944,
                    "fsuse_percentage": "14%",
                    "type": "part",
                    "mountpoint": "/",
                    "mountpoints": [
                        "/"
                    ],
                    "fsroots": [
                        "/"
                    ],
                    "children": []
                },
                {
                    "name": "nvme1n1p3",
                    "path": "/dev/nvme1n1p3",
                    "pkname": "nvme1n1",
                    "log_sec": 512,
                    "size": "16 MiB",
                    "pttype": "gpt",
                    "ptuuid": "e3260726-fe98-4748-bdc1-e18d12c2d0cc",
                    "rota": false,
                    "tran": "nvme",
                    "partn": 3,
                    "partuuid": "00994d61-5403-45b7-a67d-e025ad2f6931",
                    "parttype": "e3c9e316-0b5c-4db8-817d-f92df00215ae",
                    "uuid": null,
                    "fstype": null,
                    "fsver": null,
                    "fsavail": null,
                    "fsuse_percentage": null,
                    "type": "part",
                    "mountpoint": null,
                    "mountpoints": [],
                    "fsroots": [],
                    "children": []
                },
                {
                    "name": "nvme1n1p4",
                    "path": "/dev/nvme1n1p4",
                    "pkname": "nvme1n1",
                    "log_sec": 512,
                    "size": "799314 MiB",
                    "pttype": "gpt",
                    "ptuuid": "e3260726-fe98-4748-bdc1-e18d12c2d0cc",
                    "rota": false,
                    "tran": "nvme",
                    "partn": 4,
                    "partuuid": "add9db0c-5712-4969-abe1-49c672c2024b",
                    "parttype": "ebd0a0a2-b9e5-4433-87c0-68b6b72699c7",
                    "uuid": "C2AEE604AEE5F0B9",
                    "fstype": "ntfs",
                    "fsver": null,
                    "fsavail": null,
                    "fsuse_percentage": null,
                    "type": "part",
                    "mountpoint": null,
                    "mountpoints": [],
                    "fsroots": [],
                    "children": []
                },
                {
                    "name": "nvme1n1p5",
                    "path": "/dev/nvme1n1p5",
                    "pkname": "nvme1n1",
                    "log_sec": 512,
                    "size": "670 MiB",
                    "pttype": "gpt",
                    "ptuuid": "e3260726-fe98-4748-bdc1-e18d12c2d0cc",
                    "rota": false,
                    "tran": "nvme",
                    "partn": 5,
                    "partuuid": "3daf7d1e-9a46-4c61-9d2a-9f53572f0b45",
                    "parttype": "de94bba4-06d1-4d40-a16a-bfd50179d6ac",
                    "uuid": "6A8696CF86969AE1",
                    "fstype": "ntfs",
                    "fsver": null,
                    "fsavail": null,
                    "fsuse_percentage": null,
                    "type": "part",
                    "mountpoint": null,
                    "mountpoints": [],
                    "fsroots": [],
                    "children": []
                }
            ]
        }
    ]
}
